app/build/outputs/logs/manifest-merger-debug-report.txt
-- Merging decision tree log ---
manifest
ADDED from src\main\AndroidManifest.xml:1:1-108:12
	package
		ADDED from src\main\AndroidManifest.xml:2:5-39
		INJECTED from src\main\AndroidManifest.xml
		INJECTED from src\main\AndroidManifest.xml
	android:versionName
		ADDED from src\main\AndroidManifest.xml:4:5-32
		INJECTED from src\main\AndroidManifest.xml
		INJECTED from src\main\AndroidManifest.xml
	android:versionCode
		ADDED from src\main\AndroidManifest.xml:3:5-28
		INJECTED from src\main\AndroidManifest.xml
		INJECTED from src\main\AndroidManifest.xml
	xmlns:android
		ADDED from src\main\AndroidManifest.xml:1:11-69
uses-sdk
ADDED from src\main\AndroidManifest.xml:6:5-8:41
	android:targetSdkVersion
		ADDED from src\main\AndroidManifest.xml:8:9-38
		INJECTED from src\main\AndroidManifest.xml
		INJECTED from src\main\AndroidManifest.xml
	android:minSdkVersion
		ADDED from src\main\AndroidManifest.xml:7:9-35
		INJECTED from src\main\AndroidManifest.xml
		INJECTED from src\main\AndroidManifest.xml
uses-permission#android.permission.INTERNET
ADDED from src\main\AndroidManifest.xml:10:5-67
	android:name
		ADDED from src\main\AndroidManifest.xml:10:22-64
uses-permission#android.permission.WAKE_LOCK
ADDED from src\main\AndroidManifest.xml:11:5-68
	android:name
		ADDED from src\main\AndroidManifest.xml:11:22-65
uses-permission#android.permission.ACCESS_WIFI_STATE
ADDED from src\main\AndroidManifest.xml:12:5-76
	android:name
		ADDED from src\main\AndroidManifest.xml:12:22-73
uses-permission#android.permission.ACCESS_NETWORK_STATE
ADDED from src\main\AndroidManifest.xml:13:5-79
	android:name
		ADDED from src\main\AndroidManifest.xml:13:22-76
uses-permission#android.permission.WRITE_EXTERNAL_STORAGE
ADDED from src\main\AndroidManifest.xml:14:5-81
	android:name
		ADDED from src\main\AndroidManifest.xml:14:22-78
uses-permission#android.permission.READ_PHONE_STATE
ADDED from src\main\AndroidManifest.xml:15:5-75
	android:name
		ADDED from src\main\AndroidManifest.xml:15:22-72
application
ADDED from src\main\AndroidManifest.xml:17:5-106:19
	android:label
		ADDED from src\main\AndroidManifest.xml:21:9-41
	android:allowBackup
		ADDED from src\main\AndroidManifest.xml:19:9-35
	android:icon
		ADDED from src\main\AndroidManifest.xml:20:9-38
	android:theme
		ADDED from src\main\AndroidManifest.xml:22:9-56
	android:name
		ADDED from src\main\AndroidManifest.xml:18:9-64
activity#com.sohuvideo.playerdemo.MainActivity
ADDED from src\main\AndroidManifest.xml:23:9-31:20
	android:screenOrientation
		ADDED from src\main\AndroidManifest.xml:25:13-49
	android:name
		ADDED from src\main\AndroidManifest.xml:24:13-65
intent-filter#android.intent.action.MAIN+android.intent.category.LAUNCHER
ADDED from src\main\AndroidManifest.xml:26:13-30:29
action#android.intent.action.MAIN
ADDED from src\main\AndroidManifest.xml:27:17-69
	android:name
		ADDED from src\main\AndroidManifest.xml:27:25-66
category#android.intent.category.LAUNCHER
ADDED from src\main\AndroidManifest.xml:29:17-77
	android:name
		ADDED from src\main\AndroidManifest.xml:29:27-74
activity#com.sohuvideo.playerdemo.SecondPgcActivity
ADDED from src\main\AndroidManifest.xml:32:9-38:20
	android:screenOrientation
		ADDED from src\main\AndroidManifest.xml:34:13-49
	android:name
		ADDED from src\main\AndroidManifest.xml:33:13-70
meta-data#android.support.PARENT_ACTIVITY
ADDED from src\main\AndroidManifest.xml:35:13-37:73
	android:value
		ADDED from src\main\AndroidManifest.xml:37:17-70
	android:name
		ADDED from src\main\AndroidManifest.xml:36:17-63
activity#com.sohuvideo.playerdemo.PlayerActivity
ADDED from src\main\AndroidManifest.xml:39:9-51:20
	android:screenOrientation
		ADDED from src\main\AndroidManifest.xml:43:13-50
	android:launchMode
		ADDED from src\main\AndroidManifest.xml:42:13-44
	android:windowSoftInputMode
		ADDED from src\main\AndroidManifest.xml:45:13-70
	android:configChanges
		ADDED from src\main\AndroidManifest.xml:41:13-85
	android:theme
		ADDED from src\main\AndroidManifest.xml:44:13-52
	android:name
		ADDED from src\main\AndroidManifest.xml:40:13-67
intent-filter#android.intent.category.DEFAULT+sohu.intent.action.PLAYVIDEO
ADDED from src\main\AndroidManifest.xml:46:13-50:29
category#android.intent.category.DEFAULT
ADDED from src\main\AndroidManifest.xml:47:17-76
	android:name
		ADDED from src\main\AndroidManifest.xml:47:27-73
action#sohu.intent.action.PLAYVIDEO
ADDED from src\main\AndroidManifest.xml:49:17-71
	android:name
		ADDED from src\main\AndroidManifest.xml:49:25-68
activity#com.sohuvideo.playerdemo.DetailActivity
ADDED from src\main\AndroidManifest.xml:52:9-61:20
	android:screenOrientation
		ADDED from src\main\AndroidManifest.xml:56:13-49
	android:launchMode
		ADDED from src\main\AndroidManifest.xml:55:13-44
	android:windowSoftInputMode
		ADDED from src\main\AndroidManifest.xml:57:13-70
	android:configChanges
		ADDED from src\main\AndroidManifest.xml:54:13-74
	android:name
		ADDED from src\main\AndroidManifest.xml:53:13-67
activity#com.sohuvideo.playerdemo.MoreTestActivity
ADDED from src\main\AndroidManifest.xml:62:9-71:20
	android:screenOrientation
		ADDED from src\main\AndroidManifest.xml:66:13-49
	android:launchMode
		ADDED from src\main\AndroidManifest.xml:65:13-44
	android:windowSoftInputMode
		ADDED from src\main\AndroidManifest.xml:67:13-70
	android:configChanges
		ADDED from src\main\AndroidManifest.xml:64:13-74
	android:name
		ADDED from src\main\AndroidManifest.xml:63:13-69
service#com.sohuvideo.player.statistic.LogService
ADDED from src\main\AndroidManifest.xml:73:9-77:19
	android:label
		ADDED from src\main\AndroidManifest.xml:76:13-40
	android:exported
		ADDED from src\main\AndroidManifest.xml:75:13-37
	android:name
		ADDED from src\main\AndroidManifest.xml:74:13-69
activity#com.sohu.tv.news.ads.sdk.core.PadDetailsActivity
ADDED from src\main\AndroidManifest.xml:79:9-85:20
	android:name
		ADDED from src\main\AndroidManifest.xml:79:19-82
intent-filter#android.intent.category.DEFAULT+com.sdk.pad.details
ADDED from src\main\AndroidManifest.xml:80:13-84:29
action#com.sdk.pad.details
ADDED from src\main\AndroidManifest.xml:81:17-62
	android:name
		ADDED from src\main\AndroidManifest.xml:81:25-59
activity#com.sohuvideo.playerdemo.DownloadActivity
ADDED from src\main\AndroidManifest.xml:86:9-92:20
	android:screenOrientation
		ADDED from src\main\AndroidManifest.xml:88:13-49
	android:name
		ADDED from src\main\AndroidManifest.xml:87:13-69
meta-data#SOHUVIDEO_CHANNEL
ADDED from src\main\AndroidManifest.xml:99:9-101:37
	android:value
		ADDED from src\main\AndroidManifest.xml:101:13-34
	android:name
		ADDED from src\main\AndroidManifest.xml:100:13-45
meta-data#SOHUVIDEO_KEY
ADDED from src\main\AndroidManifest.xml:102:9-104:64
	android:value
		ADDED from src\main\AndroidManifest.xml:104:13-61
	android:name
		ADDED from src\main\AndroidManifest.xml:103:13-41